<?xml version="1.0" encoding="UTF-8"?>
<testng-results ignored="0" total="1" passed="1" failed="0" skipped="0">
  <reporter-output>
    <line>
      <![CDATA[print success]]>
    </line>
  </reporter-output>
  <suite started-at="2022-05-30T12:52:31Z" name="Default suite" finished-at="2022-05-30T12:52:31Z" duration-ms="833">
    <groups>
    </groups>
    <test started-at="2022-05-30T12:52:31Z" name="Default test" finished-at="2022-05-30T12:52:31Z" duration-ms="833">
      <class name="com.jenkinsTest.JenkinsTest">
        <test-method signature="demoJenkins1()[pri:0, instance:com.jenkinsTest.JenkinsTest@6ffa56fa]" started-at="2022-05-30T12:52:31Z" name="demoJenkins1" finished-at="2022-05-30T12:52:31Z" duration-ms="368" status="PASS">
          <reporter-output>
            <line>
              <![CDATA[print success]]>
            </line>
          </reporter-output>
        </test-method> <!-- demoJenkins1 -->
      </class> <!-- com.jenkinsTest.JenkinsTest -->
    </test> <!-- Default test -->
  </suite> <!-- Default suite -->
</testng-results>
